<?xml version="1.0" encoding="UTF-8"?>
<testsuite xmlns:xsi="http://www.w3.org/2001/XMLSchema-instance" xsi:noNamespaceSchemaLocation="https://maven.apache.org/surefire/maven-surefire-plugin/xsd/surefire-test-report-3.0.xsd" version="3.0" name="TestSuite" time="5.252" tests="3" errors="0" skipped="0" failures="0">
  <properties>
    <property name="java.specification.version" value="19"/>
    <property name="sun.cpu.isalist" value="amd64"/>
    <property name="sun.jnu.encoding" value="Cp1252"/>
    <property name="java.class.path" value="C:\Users\revie\Documents\JavaProject\RestAssuredAdvance\target\test-classes;C:\Users\revie\Documents\JavaProject\RestAssuredAdvance\target\classes;C:\Users\revie\.m2\repository\io\rest-assured\rest-assured\3.3.0\rest-assured-3.3.0.jar;C:\Users\revie\.m2\repository\org\codehaus\groovy\groovy\2.4.15\groovy-2.4.15.jar;C:\Users\revie\.m2\repository\org\codehaus\groovy\groovy-xml\2.4.15\groovy-xml-2.4.15.jar;C:\Users\revie\.m2\repository\org\apache\httpcomponents\httpclient\4.5.3\httpclient-4.5.3.jar;C:\Users\revie\.m2\repository\org\apache\httpcomponents\httpcore\4.4.6\httpcore-4.4.6.jar;C:\Users\revie\.m2\repository\commons-logging\commons-logging\1.2\commons-logging-1.2.jar;C:\Users\revie\.m2\repository\commons-codec\commons-codec\1.9\commons-codec-1.9.jar;C:\Users\revie\.m2\repository\org\apache\httpcomponents\httpmime\4.5.3\httpmime-4.5.3.jar;C:\Users\revie\.m2\repository\org\hamcrest\hamcrest-core\1.3\hamcrest-core-1.3.jar;C:\Users\revie\.m2\repository\org\hamcrest\hamcrest-library\1.3\hamcrest-library-1.3.jar;C:\Users\revie\.m2\repository\org\ccil\cowan\tagsoup\tagsoup\1.2.1\tagsoup-1.2.1.jar;C:\Users\revie\.m2\repository\io\rest-assured\json-path\3.3.0\json-path-3.3.0.jar;C:\Users\revie\.m2\repository\org\codehaus\groovy\groovy-json\2.4.15\groovy-json-2.4.15.jar;C:\Users\revie\.m2\repository\io\rest-assured\rest-assured-common\3.3.0\rest-assured-common-3.3.0.jar;C:\Users\revie\.m2\repository\io\rest-assured\xml-path\3.3.0\xml-path-3.3.0.jar;C:\Users\revie\.m2\repository\org\apache\commons\commons-lang3\3.4\commons-lang3-3.4.jar;C:\Users\revie\.m2\repository\javax\xml\bind\jaxb-api\2.2.12\jaxb-api-2.2.12.jar;C:\Users\revie\.m2\repository\com\sun\xml\bind\jaxb-osgi\2.2.10\jaxb-osgi-2.2.10.jar;C:\Users\revie\.m2\repository\org\apache\sling\org.apache.sling.javax.activation\0.1.0\org.apache.sling.javax.activation-0.1.0.jar;C:\Users\revie\.m2\repository\javax\activation\activation\1.1.1\activation-1.1.1.jar;C:\Users\revie\.m2\repository\org\testng\testng\6.13.1\testng-6.13.1.jar;C:\Users\revie\.m2\repository\com\beust\jcommander\1.72\jcommander-1.72.jar;C:\Users\revie\.m2\repository\io\qameta\allure\allure-rest-assured\2.0-BETA21\allure-rest-assured-2.0-BETA21.jar;C:\Users\revie\.m2\repository\io\qameta\allure\allure-attachments\2.0-BETA21\allure-attachments-2.0-BETA21.jar;C:\Users\revie\.m2\repository\org\freemarker\freemarker\2.3.26-incubating\freemarker-2.3.26-incubating.jar;C:\Users\revie\.m2\repository\io\qameta\allure\allure-testng\2.0-BETA21\allure-testng-2.0-BETA21.jar;C:\Users\revie\.m2\repository\io\qameta\allure\allure-descriptions-javadoc\2.0-BETA21\allure-descriptions-javadoc-2.0-BETA21.jar;C:\Users\revie\.m2\repository\io\qameta\allure\allure-java-commons\2.0-BETA21\allure-java-commons-2.0-BETA21.jar;C:\Users\revie\.m2\repository\com\google\guava\guava\19.0\guava-19.0.jar;C:\Users\revie\.m2\repository\io\qameta\allure\allure2-model-api\1.0-BETA6\allure2-model-api-1.0-BETA6.jar;C:\Users\revie\.m2\repository\io\qameta\allure\allure2-model-pojo\1.0-BETA6\allure2-model-pojo-1.0-BETA6.jar;C:\Users\revie\.m2\repository\org\apache\tika\tika-core\1.14\tika-core-1.14.jar;C:\Users\revie\.m2\repository\io\qameta\allure\allure2-model-jackson\1.0-BETA6\allure2-model-jackson-1.0-BETA6.jar;C:\Users\revie\.m2\repository\com\fasterxml\jackson\module\jackson-module-jaxb-annotations\2.7.0\jackson-module-jaxb-annotations-2.7.0.jar;C:\Users\revie\.m2\repository\org\aspectj\aspectjrt\1.8.10\aspectjrt-1.8.10.jar;C:\Users\revie\.m2\repository\org\jooq\joor\0.9.6\joor-0.9.6.jar;C:\Users\revie\.m2\repository\org\slf4j\slf4j-api\1.7.21\slf4j-api-1.7.21.jar;C:\Users\revie\.m2\repository\org\aeonbits\owner\owner\1.0.8\owner-1.0.8.jar;C:\Users\revie\.m2\repository\org\projectlombok\lombok\1.18.30\lombok-1.18.30.jar;C:\Users\revie\.m2\repository\org\kohsuke\wordnet-random-name\1.3\wordnet-random-name-1.3.jar;C:\Users\revie\.m2\repository\org\assertj\assertj-core\3.11.1\assertj-core-3.11.1.jar;C:\Users\revie\.m2\repository\com\fasterxml\jackson\core\jackson-databind\2.9.4\jackson-databind-2.9.4.jar;C:\Users\revie\.m2\repository\com\fasterxml\jackson\core\jackson-annotations\2.9.0\jackson-annotations-2.9.0.jar;C:\Users\revie\.m2\repository\com\fasterxml\jackson\core\jackson-core\2.9.4\jackson-core-2.9.4.jar;C:\Users\revie\.m2\repository\com\github\davidcarboni\resource-utils\1.1.2\resource-utils-1.1.2.jar;C:\Users\revie\.m2\repository\commons-io\commons-io\2.1\commons-io-2.1.jar;"/>
    <property name="java.vm.vendor" value="Oracle Corporation"/>
    <property name="sun.arch.data.model" value="64"/>
    <property name="user.variant" value=""/>
    <property name="java.vendor.url" value="https://java.oracle.com/"/>
    <property name="user.timezone" value="Asia/Jakarta"/>
    <property name="os.name" value="Windows 11"/>
    <property name="java.vm.specification.version" value="19"/>
    <property name="sun.java.launcher" value="SUN_STANDARD"/>
    <property name="user.country" value="ID"/>
    <property name="sun.boot.library.path" value="C:\Program Files\Java\jdk-19\bin"/>
    <property name="sun.java.command" value="C:\Users\revie\AppData\Local\Temp\surefire12582338414788604647\surefirebooter-20240326183904879_3.jar C:\Users\revie\AppData\Local\Temp\surefire12582338414788604647 2024-03-26T18-39-04_665-jvmRun1 surefire-20240326183904879_1tmp surefire_0-20240326183904879_2tmp"/>
    <property name="jdk.debug" value="release"/>
    <property name="surefire.test.class.path" value="C:\Users\revie\Documents\JavaProject\RestAssuredAdvance\target\test-classes;C:\Users\revie\Documents\JavaProject\RestAssuredAdvance\target\classes;C:\Users\revie\.m2\repository\io\rest-assured\rest-assured\3.3.0\rest-assured-3.3.0.jar;C:\Users\revie\.m2\repository\org\codehaus\groovy\groovy\2.4.15\groovy-2.4.15.jar;C:\Users\revie\.m2\repository\org\codehaus\groovy\groovy-xml\2.4.15\groovy-xml-2.4.15.jar;C:\Users\revie\.m2\repository\org\apache\httpcomponents\httpclient\4.5.3\httpclient-4.5.3.jar;C:\Users\revie\.m2\repository\org\apache\httpcomponents\httpcore\4.4.6\httpcore-4.4.6.jar;C:\Users\revie\.m2\repository\commons-logging\commons-logging\1.2\commons-logging-1.2.jar;C:\Users\revie\.m2\repository\commons-codec\commons-codec\1.9\commons-codec-1.9.jar;C:\Users\revie\.m2\repository\org\apache\httpcomponents\httpmime\4.5.3\httpmime-4.5.3.jar;C:\Users\revie\.m2\repository\org\hamcrest\hamcrest-core\1.3\hamcrest-core-1.3.jar;C:\Users\revie\.m2\repository\org\hamcrest\hamcrest-library\1.3\hamcrest-library-1.3.jar;C:\Users\revie\.m2\repository\org\ccil\cowan\tagsoup\tagsoup\1.2.1\tagsoup-1.2.1.jar;C:\Users\revie\.m2\repository\io\rest-assured\json-path\3.3.0\json-path-3.3.0.jar;C:\Users\revie\.m2\repository\org\codehaus\groovy\groovy-json\2.4.15\groovy-json-2.4.15.jar;C:\Users\revie\.m2\repository\io\rest-assured\rest-assured-common\3.3.0\rest-assured-common-3.3.0.jar;C:\Users\revie\.m2\repository\io\rest-assured\xml-path\3.3.0\xml-path-3.3.0.jar;C:\Users\revie\.m2\repository\org\apache\commons\commons-lang3\3.4\commons-lang3-3.4.jar;C:\Users\revie\.m2\repository\javax\xml\bind\jaxb-api\2.2.12\jaxb-api-2.2.12.jar;C:\Users\revie\.m2\repository\com\sun\xml\bind\jaxb-osgi\2.2.10\jaxb-osgi-2.2.10.jar;C:\Users\revie\.m2\repository\org\apache\sling\org.apache.sling.javax.activation\0.1.0\org.apache.sling.javax.activation-0.1.0.jar;C:\Users\revie\.m2\repository\javax\activation\activation\1.1.1\activation-1.1.1.jar;C:\Users\revie\.m2\repository\org\testng\testng\6.13.1\testng-6.13.1.jar;C:\Users\revie\.m2\repository\com\beust\jcommander\1.72\jcommander-1.72.jar;C:\Users\revie\.m2\repository\io\qameta\allure\allure-rest-assured\2.0-BETA21\allure-rest-assured-2.0-BETA21.jar;C:\Users\revie\.m2\repository\io\qameta\allure\allure-attachments\2.0-BETA21\allure-attachments-2.0-BETA21.jar;C:\Users\revie\.m2\repository\org\freemarker\freemarker\2.3.26-incubating\freemarker-2.3.26-incubating.jar;C:\Users\revie\.m2\repository\io\qameta\allure\allure-testng\2.0-BETA21\allure-testng-2.0-BETA21.jar;C:\Users\revie\.m2\repository\io\qameta\allure\allure-descriptions-javadoc\2.0-BETA21\allure-descriptions-javadoc-2.0-BETA21.jar;C:\Users\revie\.m2\repository\io\qameta\allure\allure-java-commons\2.0-BETA21\allure-java-commons-2.0-BETA21.jar;C:\Users\revie\.m2\repository\com\google\guava\guava\19.0\guava-19.0.jar;C:\Users\revie\.m2\repository\io\qameta\allure\allure2-model-api\1.0-BETA6\allure2-model-api-1.0-BETA6.jar;C:\Users\revie\.m2\repository\io\qameta\allure\allure2-model-pojo\1.0-BETA6\allure2-model-pojo-1.0-BETA6.jar;C:\Users\revie\.m2\repository\org\apache\tika\tika-core\1.14\tika-core-1.14.jar;C:\Users\revie\.m2\repository\io\qameta\allure\allure2-model-jackson\1.0-BETA6\allure2-model-jackson-1.0-BETA6.jar;C:\Users\revie\.m2\repository\com\fasterxml\jackson\module\jackson-module-jaxb-annotations\2.7.0\jackson-module-jaxb-annotations-2.7.0.jar;C:\Users\revie\.m2\repository\org\aspectj\aspectjrt\1.8.10\aspectjrt-1.8.10.jar;C:\Users\revie\.m2\repository\org\jooq\joor\0.9.6\joor-0.9.6.jar;C:\Users\revie\.m2\repository\org\slf4j\slf4j-api\1.7.21\slf4j-api-1.7.21.jar;C:\Users\revie\.m2\repository\org\aeonbits\owner\owner\1.0.8\owner-1.0.8.jar;C:\Users\revie\.m2\repository\org\projectlombok\lombok\1.18.30\lombok-1.18.30.jar;C:\Users\revie\.m2\repository\org\kohsuke\wordnet-random-name\1.3\wordnet-random-name-1.3.jar;C:\Users\revie\.m2\repository\org\assertj\assertj-core\3.11.1\assertj-core-3.11.1.jar;C:\Users\revie\.m2\repository\com\fasterxml\jackson\core\jackson-databind\2.9.4\jackson-databind-2.9.4.jar;C:\Users\revie\.m2\repository\com\fasterxml\jackson\core\jackson-annotations\2.9.0\jackson-annotations-2.9.0.jar;C:\Users\revie\.m2\repository\com\fasterxml\jackson\core\jackson-core\2.9.4\jackson-core-2.9.4.jar;C:\Users\revie\.m2\repository\com\github\davidcarboni\resource-utils\1.1.2\resource-utils-1.1.2.jar;C:\Users\revie\.m2\repository\commons-io\commons-io\2.1\commons-io-2.1.jar;"/>
    <property name="sun.cpu.endian" value="little"/>
    <property name="user.home" value="C:\Users\revie"/>
    <property name="user.language" value="en"/>
    <property name="java.specification.vendor" value="Oracle Corporation"/>
    <property name="java.version.date" value="2023-01-17"/>
    <property name="java.home" value="C:\Program Files\Java\jdk-19"/>
    <property name="file.separator" value="\"/>
    <property name="basedir" value="C:\Users\revie\Documents\JavaProject\RestAssuredAdvance"/>
    <property name="java.vm.compressedOopsMode" value="Zero based"/>
    <property name="line.separator" value="&#10;"/>
    <property name="java.vm.specification.vendor" value="Oracle Corporation"/>
    <property name="java.specification.name" value="Java Platform API Specification"/>
    <property name="surefire.real.class.path" value="C:\Users\revie\AppData\Local\Temp\surefire12582338414788604647\surefirebooter-20240326183904879_3.jar"/>
    <property name="user.script" value=""/>
    <property name="sun.management.compiler" value="HotSpot 64-Bit Tiered Compilers"/>
    <property name="java.runtime.version" value="19.0.2+7-44"/>
    <property name="user.name" value="revie"/>
    <property name="stdout.encoding" value="Cp1252"/>
    <property name="path.separator" value=";"/>
    <property name="os.version" value="10.0"/>
    <property name="java.runtime.name" value="Java(TM) SE Runtime Environment"/>
    <property name="file.encoding" value="UTF-8"/>
    <property name="java.vm.name" value="Java HotSpot(TM) 64-Bit Server VM"/>
    <property name="localRepository" value="C:\Users\revie\.m2\repository"/>
    <property name="java.vendor.url.bug" value="https://bugreport.java.com/bugreport/"/>
    <property name="java.io.tmpdir" value="C:\Users\revie\AppData\Local\Temp\"/>
    <property name="java.version" value="19.0.2"/>
    <property name="user.dir" value="C:\Users\revie\Documents\JavaProject\RestAssuredAdvance"/>
    <property name="os.arch" value="amd64"/>
    <property name="java.vm.specification.name" value="Java Virtual Machine Specification"/>
    <property name="sun.os.patch.level" value=""/>
    <property name="native.encoding" value="Cp1252"/>
    <property name="java.library.path" value="C:\Program Files\Java\jdk-19\bin;C:\WINDOWS\Sun\Java\bin;C:\WINDOWS\system32;C:\WINDOWS;C:\Program Files\Common Files\Oracle\Java\javapath;C:\Program Files\OpenLogic\jdk-11.0.21.9-hotspot\bin;C:\Program Files (x86)\Common Files\Oracle\Java\javapath;C:\php8;C:\windows\system32;C:\windows;C:\windows\System32\Wbem;C:\windows\System32\WindowsPowerShell\v1.0\;C:\windows\System32\OpenSSH\;C:\Program Files\nodejs;C:\Program Files (x86)\NVIDIA Corporation\PhysX\Common;C:\Program Files\NVIDIA Corporation\NVIDIA NvDLISR;C:\WINDOWS\system32;C:\WINDOWS;C:\WINDOWS\System32\Wbem;C:\WINDOWS\System32\WindowsPowerShell\v1.0\;C:\WINDOWS\System32\OpenSSH\;&quot;C:\Program Files\Git\bin\git.exe;C:\Windows\System32&quot;;C:\Program Files\nodejs\;C:\xampp\php;C:\ProgramData\ComposerSetup\bin;C:\Program Files\Git\cmd;C:\Program Files (x86)\Windows Kits\10\Windows Performance Toolkit\;C:\Users\revie\AppData\Local\Programs\Python\Python38\Scripts\;C:\Users\revie\AppData\Local\Programs\Python\Python38\;C:\Users\revie\AppData\Local\Programs\Python\Python311\Scripts\;C:\Users\revie\AppData\Local\Programs\Python\Python311\;C:\Users\revie\Documents\flutter\bin;C:\Users\revie\AppData\Local\Microsoft\WindowsApps;C:\Users\revie\AppData\Local\Programs\Microsoft VS Code\bin;&quot;C:\Program Files\Git\bin\git.exe;C:\Program Files\Git\cmd;C:\Windows\System32&quot;;C:\Users\revie\AppData\Roaming\npm;C:\Program Files\JetBrains\PyCharm Community Edition 2023.1.2\bin;;C:\Users\revie\AppData\Roaming\Composer\vendor\bin;D:\IntelliJ IDEA Community Edition 2023.2.1\bin;;D:\Program\apache-maven-3.9.6\bin;D:\Program\gradle-8.5\bin;C:\Program Files\Java\jdk-19\bin;;."/>
    <property name="java.vm.info" value="mixed mode, sharing"/>
    <property name="stderr.encoding" value="Cp1252"/>
    <property name="java.vendor" value="Oracle Corporation"/>
    <property name="java.vm.version" value="19.0.2+7-44"/>
    <property name="sun.io.unicode.encoding" value="UnicodeLittle"/>
    <property name="java.class.version" value="63.0"/>
  </properties>
  <testcase name="testComplexSearch" classname="GetMealPlanTest" time="2.154">
    <system-out><![CDATA[{
    "aisles": [
        
    ],
    "cost": 0.0,
    "startDate": 1711453149,
    "endDate": 1712057949
}
]]></system-out>
    <system-err><![CDATA[SLF4J: Failed to load class "org.slf4j.impl.StaticLoggerBinder".
SLF4J: Defaulting to no-operation (NOP) logger implementation
SLF4J: See http://www.slf4j.org/codes.html#StaticLoggerBinder for further details.
]]></system-err>
  </testcase>
  <testcase name="testMealPlannerGenerate" classname="GetMealPlanTest" time="1.296"/>
  <testcase name="addItemToMealPlanner" classname="PostMealPlanTest" time="0.692"/>
</testsuite>