<?xml version="1.0" encoding="UTF-8"?>
<!-- Generated by org.testng.reporters.JUnitReportReporter -->
<testsuite hostname="FarahYulianti" failures="0" tests="1" name="PostMealPlanTest" time="0.692" errors="0" timestamp="26 Mar 2024 11:39:10 GMT" skipped="0">
  <testcase classname="PostMealPlanTest" name="addItemToMealPlanner" time="0.692"/>
</testsuite> <!-- PostMealPlanTest -->
