<?xml version="1.0" encoding="UTF-8"?>
<!-- Generated by org.testng.reporters.JUnitReportReporter -->
<testsuite hostname="FarahYulianti" failures="0" tests="2" name="GetMealPlanTest" time="3.413" errors="0" timestamp="26 Mar 2024 11:39:10 GMT" skipped="0">
  <testcase classname="GetMealPlanTest" name="testMealPlannerGenerate" time="1.294"/>
  <testcase classname="GetMealPlanTest" name="testComplexSearch" time="2.119"/>
</testsuite> <!-- GetMealPlanTest -->
