<?xml version="1.0" encoding="UTF-8"?>
<!-- Generated by org.testng.reporters.JUnitReportReporter -->
<testsuite hostname="PW072290" failures="0" tests="3" name="MealPlanTest" time="5.649" errors="0" timestamp="27 Mar 2024 10:36:28 GMT" skipped="0">
  <testcase classname="MealPlanTest" name="MealPlanGenerateTest" time="1.241"/>
  <testcase classname="MealPlanTest" name="DeleteitemToMealplanTest" time="0.710"/>
  <testcase classname="MealPlanTest" name="AddItemToMealPlan" time="3.698"/>
</testsuite> <!-- MealPlanTest -->
